<?xml version="1.0" encoding="UTF-8"?>
<!-- Generated by org.testng.reporters.JUnitXMLReporter -->
<testsuite hostname="NHUTBM" name="Login guru on Chrome" tests="29" failures="0" timestamp="21 Apr 2019 07:05:00 GMT" time="45.496" errors="0">
  <testcase name="getAccountRegister" time="3.293" classname="com.bankguru.testcase.RegisterAccount"/>
  <testcase name="testcase_01" time="0.133" classname="com.bankguru.testcase.NewCustomerScript"/>
  <testcase name="testcase_02" time="0.18" classname="com.bankguru.testcase.NewCustomerScript"/>
  <testcase name="testcase_03" time="0.2" classname="com.bankguru.testcase.NewCustomerScript"/>
  <testcase name="testcase_04" time="0.137" classname="com.bankguru.testcase.NewCustomerScript"/>
  <testcase name="testcase_05" time="0.153" classname="com.bankguru.testcase.NewCustomerScript"/>
  <testcase name="testcase_06" time="0.11" classname="com.bankguru.testcase.NewCustomerScript"/>
  <testcase name="testcase_08" time="0.136" classname="com.bankguru.testcase.NewCustomerScript"/>
  <testcase name="testcase_09" time="0.194" classname="com.bankguru.testcase.NewCustomerScript"/>
  <testcase name="testcase_10" time="0.176" classname="com.bankguru.testcase.NewCustomerScript"/>
  <testcase name="testcase_11" time="0.128" classname="com.bankguru.testcase.NewCustomerScript"/>
  <testcase name="testcase_12" time="0.154" classname="com.bankguru.testcase.NewCustomerScript"/>
  <testcase name="testcase_13" time="0.163" classname="com.bankguru.testcase.NewCustomerScript"/>
  <testcase name="testcase_14" time="0.215" classname="com.bankguru.testcase.NewCustomerScript"/>
  <testcase name="testcase_15" time="0.133" classname="com.bankguru.testcase.NewCustomerScript"/>
  <testcase name="testcase_16" time="0.172" classname="com.bankguru.testcase.NewCustomerScript"/>
  <testcase name="testcase_17" time="0.172" classname="com.bankguru.testcase.NewCustomerScript"/>
  <testcase name="testcase_18" time="0.13" classname="com.bankguru.testcase.NewCustomerScript"/>
  <testcase name="testcase_19" time="0.138" classname="com.bankguru.testcase.NewCustomerScript"/>
  <testcase name="testcase_20" time="0.11" classname="com.bankguru.testcase.NewCustomerScript"/>
  <testcase name="testcase_21" time="0.146" classname="com.bankguru.testcase.NewCustomerScript"/>
  <testcase name="testcase_22" time="0.164" classname="com.bankguru.testcase.NewCustomerScript"/>
  <testcase name="testcase_23" time="0.15" classname="com.bankguru.testcase.NewCustomerScript"/>
  <testcase name="testcase_24" time="0.146" classname="com.bankguru.testcase.NewCustomerScript"/>
  <testcase name="testcase_25" time="0.173" classname="com.bankguru.testcase.NewCustomerScript"/>
  <testcase name="testcase_26" time="0.274" classname="com.bankguru.testcase.NewCustomerScript"/>
  <testcase name="testcase_27" time="0.313" classname="com.bankguru.testcase.NewCustomerScript"/>
  <testcase name="testcase_29" time="0.127" classname="com.bankguru.testcase.NewCustomerScript"/>
  <testcase name="testcase_30" time="2.049" classname="com.bankguru.testcase.NewCustomerScript"/>
</testsuite> <!-- Login guru on Chrome -->
